c:\users\dormi\source\repos\tamagotchi\tamagotchi\x64\debug\vc143.pdb
c:\users\dormi\source\repos\tamagotchi\tamagotchi\x64\debug\vc143.idb
c:\users\dormi\source\repos\tamagotchi\tamagotchi\x64\debug\ui.obj
c:\users\dormi\source\repos\tamagotchi\tamagotchi\x64\debug\throwings_gen.obj
c:\users\dormi\source\repos\tamagotchi\tamagotchi\x64\debug\throwings.obj
c:\users\dormi\source\repos\tamagotchi\tamagotchi\x64\debug\tamagotchi.obj
c:\users\dormi\source\repos\tamagotchi\tamagotchi\x64\debug\scoreandlife.obj
c:\users\dormi\source\repos\tamagotchi\tamagotchi\x64\debug\main.obj
c:\users\dormi\source\repos\tamagotchi\tamagotchi\x64\debug\gamepage.obj
c:\users\dormi\source\repos\tamagotchi\tamagotchi\x64\debug\gameobject.obj
c:\users\dormi\source\repos\tamagotchi\tamagotchi\x64\debug\gamemain.obj
c:\users\dormi\source\repos\tamagotchi\tamagotchi\x64\debug\tamagotchi.ilk
c:\users\dormi\source\repos\tamagotchi\x64\debug\tamagotchi.exe
c:\users\dormi\source\repos\tamagotchi\x64\debug\tamagotchi.pdb
c:\users\dormi\source\repos\tamagotchi\tamagotchi\x64\debug\tamagotchi.tlog\cl.command.1.tlog
c:\users\dormi\source\repos\tamagotchi\tamagotchi\x64\debug\tamagotchi.tlog\cl.read.1.tlog
c:\users\dormi\source\repos\tamagotchi\tamagotchi\x64\debug\tamagotchi.tlog\cl.write.1.tlog
c:\users\dormi\source\repos\tamagotchi\tamagotchi\x64\debug\tamagotchi.tlog\link.command.1.tlog
c:\users\dormi\source\repos\tamagotchi\tamagotchi\x64\debug\tamagotchi.tlog\link.read.1.tlog
c:\users\dormi\source\repos\tamagotchi\tamagotchi\x64\debug\tamagotchi.tlog\link.write.1.tlog
